warning: function `par_inner_product` is never used
   --> src/arithmetic.rs:458:4
    |
458 | fn par_inner_product<T>(vec_a: &[T], vec_b: &[T], num_chunks: usize) -> T
    |    ^^^^^^^^^^^^^^^^^
    |
    = note: `#[warn(dead_code)]` on by default

warning: methods `forward_ntt` and `inverse_ntt` are never used
   --> src/cyclotomic_ring.rs:370:8
    |
249 | impl<const MOD_Q: u64, const N: usize> CyclotomicRing<MOD_Q, N> {
    | --------------------------------------------------------------- methods in this implementation
...
370 |     fn forward_ntt(&mut self) {
    |        ^^^^^^^^^^^
...
374 |     fn inverse_ntt(&mut self) {
    |        ^^^^^^^^^^^

warning: function `sum_check_wrapper` is never used
   --> src/subroutines/fast_norm_check.rs:203:4
    |
203 | fn sum_check_wrapper<const MOD_Q: u64>(w: &Vec<u64>) -> (Vec<u64>, u64) {
    |    ^^^^^^^^^^^^^^^^^

warning: `ring_arith` (lib) generated 3 warnings
    Finished `release` profile [optimized] target(s) in 3.43s
     Running `target/release/main`
[2025-10-01 06:02:21.716] PARAMS: NEW: true, MODULE: 12, WIT_LEN: 2097152, WIT_REP: 1, Q: 1125899904679937, N: 128, DECOMP_PARTS: [1, 2, 2, 2, 2, 2, 2, 2, 2, 2, 2, 2]
[2025-10-01 06:02:21.716] Start CRS
[2025-10-01 06:02:23.777] end CRS
[2025-10-01 06:02:27.392] end sampling witness
[2025-10-01 06:02:27.740] Time for parallel_dot_series_matrix (commitment): 348.22ms
[2025-10-01 06:02:27.812] Time for prover::norm_1: 71.22ms
[2025-10-01 06:02:27.812] Time for verifier::verify_norm_1: 49.00ns
number of witness rep: 1
[2025-10-01 06:02:28.044] Time for prover::norm_2: 232.61ms
[2025-10-01 06:02:28.044] Time for verifier::verify_norm_2: 44.00ns
[2025-10-01 06:02:28.113] Time to complete power series: 68.91ms
[2025-10-01 06:02:28.141] Time to compute new RHS: 28.00ms
[2025-10-01 06:02:28.141] Time for prover::norm_3: 97.00ms
[2025-10-01 06:02:28.141] Time for verifier::verify_norm_3: 13.97µs
number of witness rep: 1
[2025-10-01 06:02:28.369] Time for prover::norm_2: 227.82ms
[2025-10-01 06:02:28.369] Time for verifier::verify_norm_2: 43.00ns
[2025-10-01 06:02:28.436] Time to complete power series: 66.41ms
[2025-10-01 06:02:28.463] Time to compute new RHS: 27.12ms
[2025-10-01 06:02:28.463] Time for prover::norm_3: 93.74ms
[2025-10-01 06:02:28.463] Time for verifier::verify_norm_3: 7.22µs
[2025-10-01 06:02:28.463] Time for sum check: 722.53ms
[2025-10-01 06:02:28.463]  Splitting 1
[2025-10-01 06:02:28.763]  into 1048576 1048576
[2025-10-01 06:02:28.763] performing paralleld dot series 2, 1048576 with 14
[2025-10-01 06:02:29.084] performed parallel dot series in 321.720673ms
[2025-10-01 06:02:29.084] Time for split: 621.44ms
[2025-10-01 06:02:29.084] Verifier REPxLEN: 14x1
[2025-10-01 06:02:29.084]   Time to extract left and right columns from RHS: 17.73µs
[2025-10-01 06:02:29.084]   Time to compute the multiplier: 11.69µs
[2025-10-01 06:02:29.085]   Time for row-wise tensor product: 617.36µs
[2025-10-01 06:02:29.085]   Time verification: 89.66µs
[2025-10-01 06:02:29.085] Verifier REPxLEN: 14x2
[2025-10-01 06:02:29.085] Time for split verifier: 782.60µs
[2025-10-01 06:02:29.085] Generating challenge for project with width: 512
[2025-10-01 06:02:29.086] Time for challenge project: 868.87µs dims 512 256
[2025-10-01 06:02:29.086] Dims of witness 2 1048576
time to project: 125.45761ms
[2025-10-01 06:02:29.383] projected_witness 1x1048576
[2025-10-01 06:02:29.383] Time for project witness: 297.03ms
[2025-10-01 06:02:29.383] Time for batching projections challenge: 6.44µs
[2025-10-01 06:02:29.502] Time for batch projections: 118.98ms
[2025-10-01 06:02:29.502] rhs dimensions: 14 x 2
[2025-10-01 06:02:29.502] Time for verify_batching: 9.68µs
[2025-10-01 06:02:29.502] Time for challenge fold: 8.23µs dims 2 1
[2025-10-01 06:02:29.502] Witness REP: 2 LEN: 1048576
ncols 1048576 nrows 1 inner_dim 2
[2025-10-01 06:02:29.547] Folded witness REP: 1 LEN: 1048576
[2025-10-01 06:02:29.547] Time for fold: 44.38ms
transpose took 141.778µs
ncols 1 nrows 15 inner_dim 2
[2025-10-01 06:02:29.547] Time for fold verifier: 189.16µs
[2025-10-01 06:02:29.573] Time for send_cross_terms_before_join: 25.92ms
[2025-10-01 06:02:29.573] Time for verifier_join: 21.92µs
[2025-10-01 06:02:29.822]   Time to decompose witness: 242.52ms
[2025-10-01 06:02:29.822] Power series dim 16 new_witnes dim 4 1048576
[2025-10-01 06:02:29.822]   Time to extract relevant columns from power series: 39.00ns
[2025-10-01 06:02:30.655]   Time to compute RHS matrix: 833.87ms
[2025-10-01 06:02:30.656] Time for decomp: 1.08s
[2025-10-01 06:02:30.656] Stmnt len 16, Witness  REPxLEN 4x1048576  Verifier REPxLEN 16x2
[2025-10-01 06:02:30.656] bdedecomp: 16 4
[2025-10-01 06:02:30.656] Verifier REPxLEN: 16x4
[2025-10-01 06:02:30.656] Time for verify_decomp: 168.28µs
[2025-10-01 06:02:30.772] Time for prover::norm_1: 116.32ms
[2025-10-01 06:02:30.772] Time for verifier::verify_norm_1: 42.00ns
number of witness rep: 4
[2025-10-01 06:02:31.195] Time for prover::norm_2: 423.13ms
[2025-10-01 06:02:31.195] Time for verifier::verify_norm_2: 40.00ns
[2025-10-01 06:02:31.233] Time to complete power series: 37.28ms
[2025-10-01 06:02:31.281] Time to compute new RHS: 48.32ms
[2025-10-01 06:02:31.281] Time for prover::norm_3: 85.75ms
[2025-10-01 06:02:31.281] Time for verifier::verify_norm_3: 28.53µs
number of witness rep: 4
[2025-10-01 06:02:31.766] Time for prover::norm_2: 484.98ms
[2025-10-01 06:02:31.766] Time for verifier::verify_norm_2: 37.00ns
[2025-10-01 06:02:31.802] Time to complete power series: 36.43ms
[2025-10-01 06:02:31.852] Time to compute new RHS: 49.78ms
[2025-10-01 06:02:31.852] Time for prover::norm_3: 86.35ms
[2025-10-01 06:02:31.852] Time for verifier::verify_norm_3: 10.37µs
[2025-10-01 06:02:31.852] Time for sum check: 1.20s
[2025-10-01 06:02:31.852]  Splitting 4
[2025-10-01 06:02:32.015]  into 524288 524288
[2025-10-01 06:02:32.015] performing paralleld dot series 8, 524288 with 18
[2025-10-01 06:02:32.817] performed parallel dot series in 801.81816ms
[2025-10-01 06:02:32.817] Time for split: 964.20ms
[2025-10-01 06:02:32.817] Verifier REPxLEN: 18x4
[2025-10-01 06:02:32.817]   Time to extract left and right columns from RHS: 131.13µs
[2025-10-01 06:02:32.817]   Time to compute the multiplier: 27.11µs
[2025-10-01 06:02:32.817]   Time for row-wise tensor product: 514.49µs
[2025-10-01 06:02:32.817]   Time verification: 131.46µs
[2025-10-01 06:02:32.817] Verifier REPxLEN: 18x8
[2025-10-01 06:02:32.817] Time for split verifier: 848.40µs
[2025-10-01 06:02:32.817] Generating challenge for project with width: 2048
[2025-10-01 06:02:32.821] Time for challenge project: 3.69ms dims 2048 256
[2025-10-01 06:02:32.821] Dims of witness 8 524288
time to project: 252.82662ms
[2025-10-01 06:02:33.189] projected_witness 1x524288
[2025-10-01 06:02:33.189] Time for project witness: 368.00ms
[2025-10-01 06:02:33.189] Time for batching projections challenge: 3.57µs
[2025-10-01 06:02:33.296] Time for batch projections: 106.82ms
[2025-10-01 06:02:33.296] rhs dimensions: 18 x 8
[2025-10-01 06:02:33.296] Time for verify_batching: 7.57µs
[2025-10-01 06:02:33.296] Time for challenge fold: 23.13µs dims 8 1
[2025-10-01 06:02:33.296] Witness REP: 8 LEN: 524288
ncols 524288 nrows 1 inner_dim 8
[2025-10-01 06:02:33.367] Folded witness REP: 1 LEN: 524288
[2025-10-01 06:02:33.367] Time for fold: 70.63ms
transpose took 149.769µs
ncols 1 nrows 19 inner_dim 8
[2025-10-01 06:02:33.367] Time for fold verifier: 283.20µs
[2025-10-01 06:02:33.380] Time for send_cross_terms_before_join: 13.15ms
[2025-10-01 06:02:33.380] Time for verifier_join: 41.48µs
[2025-10-01 06:02:33.518]   Time to decompose witness: 125.74ms
[2025-10-01 06:02:33.518] Power series dim 20 new_witnes dim 4 524288
[2025-10-01 06:02:33.518]   Time to extract relevant columns from power series: 40.00ns
[2025-10-01 06:02:34.004]   Time to compute RHS matrix: 485.82ms
[2025-10-01 06:02:34.004] Time for decomp: 611.66ms
[2025-10-01 06:02:34.004] Stmnt len 20, Witness  REPxLEN 4x524288  Verifier REPxLEN 20x2
[2025-10-01 06:02:34.004] bdedecomp: 20 4
[2025-10-01 06:02:34.004] Verifier REPxLEN: 20x4
[2025-10-01 06:02:34.004] Time for verify_decomp: 162.44µs
[2025-10-01 06:02:34.064] Time for prover::norm_1: 59.21ms
[2025-10-01 06:02:34.064] Time for verifier::verify_norm_1: 46.00ns
number of witness rep: 4
[2025-10-01 06:02:34.344] Time for prover::norm_2: 280.81ms
[2025-10-01 06:02:34.344] Time for verifier::verify_norm_2: 44.00ns
[2025-10-01 06:02:34.370] Time to complete power series: 25.89ms
[2025-10-01 06:02:34.402] Time to compute new RHS: 32.00ms
[2025-10-01 06:02:34.402] Time for prover::norm_3: 57.99ms
[2025-10-01 06:02:34.402] Time for verifier::verify_norm_3: 18.56µs
number of witness rep: 4
[2025-10-01 06:02:34.627] Time for prover::norm_2: 224.15ms
[2025-10-01 06:02:34.627] Time for verifier::verify_norm_2: 36.00ns
[2025-10-01 06:02:34.647] Time to complete power series: 20.68ms
[2025-10-01 06:02:34.672] Time to compute new RHS: 24.55ms
[2025-10-01 06:02:34.672] Time for prover::norm_3: 45.30ms
[2025-10-01 06:02:34.672] Time for verifier::verify_norm_3: 13.44µs
[2025-10-01 06:02:34.672] Time for sum check: 667.67ms
[2025-10-01 06:02:34.672]  Splitting 4
[2025-10-01 06:02:34.753]  into 262144 262144
[2025-10-01 06:02:34.753] performing paralleld dot series 8, 262144 with 22
[2025-10-01 06:02:35.236] performed parallel dot series in 483.115267ms
[2025-10-01 06:02:35.236] Time for split: 563.78ms
[2025-10-01 06:02:35.236] Verifier REPxLEN: 22x4
[2025-10-01 06:02:35.236]   Time to extract left and right columns from RHS: 133.28µs
[2025-10-01 06:02:35.236]   Time to compute the multiplier: 36.83µs
[2025-10-01 06:02:35.236]   Time for row-wise tensor product: 469.76µs
[2025-10-01 06:02:35.237]   Time verification: 182.58µs
[2025-10-01 06:02:35.237] Verifier REPxLEN: 22x8
[2025-10-01 06:02:35.237] Time for split verifier: 874.50µs
[2025-10-01 06:02:35.237] Generating challenge for project with width: 2048
[2025-10-01 06:02:35.240] Time for challenge project: 3.66ms dims 2048 256
[2025-10-01 06:02:35.240] Dims of witness 8 262144
time to project: 127.125303ms
[2025-10-01 06:02:35.432] projected_witness 1x262144
[2025-10-01 06:02:35.432] Time for project witness: 191.38ms
[2025-10-01 06:02:35.432] Time for batching projections challenge: 7.67µs
[2025-10-01 06:02:35.511] Time for batch projections: 79.33ms
[2025-10-01 06:02:35.511] rhs dimensions: 22 x 8
[2025-10-01 06:02:35.511] Time for verify_batching: 10.43µs
[2025-10-01 06:02:35.511] Time for challenge fold: 23.75µs dims 8 1
[2025-10-01 06:02:35.511] Witness REP: 8 LEN: 262144
ncols 262144 nrows 1 inner_dim 8
[2025-10-01 06:02:35.559] Folded witness REP: 1 LEN: 262144
[2025-10-01 06:02:35.559] Time for fold: 47.77ms
transpose took 324.345µs
ncols 1 nrows 23 inner_dim 8
[2025-10-01 06:02:35.559] Time for fold verifier: 499.85µs
[2025-10-01 06:02:35.577] Time for send_cross_terms_before_join: 17.90ms
[2025-10-01 06:02:35.577] Time for verifier_join: 64.93µs
[2025-10-01 06:02:35.665]   Time to decompose witness: 79.08ms
[2025-10-01 06:02:35.665] Power series dim 24 new_witnes dim 4 262144
[2025-10-01 06:02:35.665]   Time to extract relevant columns from power series: 39.00ns
[2025-10-01 06:02:35.935]   Time to compute RHS matrix: 270.00ms
[2025-10-01 06:02:35.935] Time for decomp: 349.19ms
[2025-10-01 06:02:35.935] Stmnt len 24, Witness  REPxLEN 4x262144  Verifier REPxLEN 24x2
[2025-10-01 06:02:35.935] bdedecomp: 24 4
[2025-10-01 06:02:35.935] Verifier REPxLEN: 24x4
[2025-10-01 06:02:35.935] Time for verify_decomp: 271.06µs
[2025-10-01 06:02:35.967] Time for prover::norm_1: 31.54ms
[2025-10-01 06:02:35.967] Time for verifier::verify_norm_1: 47.00ns
number of witness rep: 4
[2025-10-01 06:02:36.091] Time for prover::norm_2: 124.84ms
[2025-10-01 06:02:36.092] Time for verifier::verify_norm_2: 46.00ns
[2025-10-01 06:02:36.105] Time to complete power series: 13.21ms
[2025-10-01 06:02:36.117] Time to compute new RHS: 12.47ms
[2025-10-01 06:02:36.117] Time for prover::norm_3: 25.76ms
[2025-10-01 06:02:36.117] Time for verifier::verify_norm_3: 24.69µs
number of witness rep: 4
[2025-10-01 06:02:36.241] Time for prover::norm_2: 124.08ms
[2025-10-01 06:02:36.241] Time for verifier::verify_norm_2: 35.00ns
[2025-10-01 06:02:36.254] Time to complete power series: 12.58ms
[2025-10-01 06:02:36.267] Time to compute new RHS: 12.80ms
[2025-10-01 06:02:36.267] Time for prover::norm_3: 25.44ms
[2025-10-01 06:02:36.267] Time for verifier::verify_norm_3: 13.25µs
[2025-10-01 06:02:36.267] Time for sum check: 331.87ms
[2025-10-01 06:02:36.267]  Splitting 4
[2025-10-01 06:02:36.307]  into 131072 131072
[2025-10-01 06:02:36.307] performing paralleld dot series 8, 131072 with 26
[2025-10-01 06:02:36.590] performed parallel dot series in 282.586574ms
[2025-10-01 06:02:36.590] Time for split: 323.15ms
[2025-10-01 06:02:36.590] Verifier REPxLEN: 26x4
[2025-10-01 06:02:36.590]   Time to extract left and right columns from RHS: 136.95µs
[2025-10-01 06:02:36.590]   Time to compute the multiplier: 41.53µs
[2025-10-01 06:02:36.591]   Time for row-wise tensor product: 497.12µs
[2025-10-01 06:02:36.591]   Time verification: 136.88µs
[2025-10-01 06:02:36.591] Verifier REPxLEN: 26x8
[2025-10-01 06:02:36.591] Time for split verifier: 866.75µs
[2025-10-01 06:02:36.591] Generating challenge for project with width: 2048
[2025-10-01 06:02:36.594] Time for challenge project: 3.46ms dims 2048 256
[2025-10-01 06:02:36.594] Dims of witness 8 131072
time to project: 63.433113ms
[2025-10-01 06:02:36.697] projected_witness 1x131072
[2025-10-01 06:02:36.697] Time for project witness: 102.26ms
[2025-10-01 06:02:36.697] Time for batching projections challenge: 3.91µs
[2025-10-01 06:02:36.739] Time for batch projections: 41.99ms
[2025-10-01 06:02:36.739] rhs dimensions: 26 x 8
[2025-10-01 06:02:36.739] Time for verify_batching: 9.25µs
[2025-10-01 06:02:36.739] Time for challenge fold: 28.43µs dims 8 1
[2025-10-01 06:02:36.739] Witness REP: 8 LEN: 131072
ncols 131072 nrows 1 inner_dim 8
[2025-10-01 06:02:36.760] Folded witness REP: 1 LEN: 131072
[2025-10-01 06:02:36.760] Time for fold: 21.15ms
transpose took 163.983µs
ncols 1 nrows 27 inner_dim 8
[2025-10-01 06:02:36.760] Time for fold verifier: 345.75µs
[2025-10-01 06:02:36.766] Time for send_cross_terms_before_join: 5.23ms
[2025-10-01 06:02:36.766] Time for verifier_join: 21.61µs
[2025-10-01 06:02:36.823]   Time to decompose witness: 53.29ms
[2025-10-01 06:02:36.823] Power series dim 28 new_witnes dim 4 131072
[2025-10-01 06:02:36.823]   Time to extract relevant columns from power series: 38.00ns
[2025-10-01 06:02:37.010]   Time to compute RHS matrix: 186.97ms
[2025-10-01 06:02:37.010] Time for decomp: 240.33ms
[2025-10-01 06:02:37.010] Stmnt len 28, Witness  REPxLEN 4x131072  Verifier REPxLEN 28x2
[2025-10-01 06:02:37.010] bdedecomp: 28 4
[2025-10-01 06:02:37.010] Verifier REPxLEN: 28x4
[2025-10-01 06:02:37.010] Time for verify_decomp: 250.97µs
[2025-10-01 06:02:37.027] Time for prover::norm_1: 16.65ms
[2025-10-01 06:02:37.027] Time for verifier::verify_norm_1: 48.00ns
number of witness rep: 4
[2025-10-01 06:02:37.097] Time for prover::norm_2: 70.78ms
[2025-10-01 06:02:37.098] Time for verifier::verify_norm_2: 45.00ns
[2025-10-01 06:02:37.106] Time to complete power series: 8.44ms
[2025-10-01 06:02:37.113] Time to compute new RHS: 6.82ms
[2025-10-01 06:02:37.113] Time for prover::norm_3: 15.29ms
[2025-10-01 06:02:37.113] Time for verifier::verify_norm_3: 11.27µs
number of witness rep: 4
[2025-10-01 06:02:37.182] Time for prover::norm_2: 69.33ms
[2025-10-01 06:02:37.182] Time for verifier::verify_norm_2: 26.00ns
[2025-10-01 06:02:37.190] Time to complete power series: 8.04ms
[2025-10-01 06:02:37.197] Time to compute new RHS: 6.80ms
[2025-10-01 06:02:37.197] Time for prover::norm_3: 14.87ms
[2025-10-01 06:02:37.197] Time for verifier::verify_norm_3: 9.48µs
[2025-10-01 06:02:37.197] Time for sum check: 187.08ms
[2025-10-01 06:02:37.197]  Splitting 4
[2025-10-01 06:02:37.218]  into 65536 65536
[2025-10-01 06:02:37.218] performing paralleld dot series 8, 65536 with 30
[2025-10-01 06:02:37.385] performed parallel dot series in 166.898735ms
[2025-10-01 06:02:37.385] Time for split: 188.09ms
[2025-10-01 06:02:37.385] Verifier REPxLEN: 30x4
[2025-10-01 06:02:37.385]   Time to extract left and right columns from RHS: 244.62µs
[2025-10-01 06:02:37.385]   Time to compute the multiplier: 45.47µs
[2025-10-01 06:02:37.386]   Time for row-wise tensor product: 1.00ms
[2025-10-01 06:02:37.387]   Time verification: 291.57µs
[2025-10-01 06:02:37.387] Verifier REPxLEN: 30x8
[2025-10-01 06:02:37.387] Time for split verifier: 1.65ms
[2025-10-01 06:02:37.387] Generating challenge for project with width: 2048
[2025-10-01 06:02:37.390] Time for challenge project: 3.29ms dims 2048 256
[2025-10-01 06:02:37.390] Dims of witness 8 65536
time to project: 32.132958ms
[2025-10-01 06:02:37.445] projected_witness 1x65536
[2025-10-01 06:02:37.445] Time for project witness: 55.04ms
[2025-10-01 06:02:37.445] Time for batching projections challenge: 4.01µs
[2025-10-01 06:02:37.472] Time for batch projections: 26.38ms
[2025-10-01 06:02:37.472] rhs dimensions: 30 x 8
[2025-10-01 06:02:37.472] Time for verify_batching: 7.63µs
[2025-10-01 06:02:37.472] Time for challenge fold: 26.78µs dims 8 1
[2025-10-01 06:02:37.472] Witness REP: 8 LEN: 65536
ncols 65536 nrows 1 inner_dim 8
[2025-10-01 06:02:37.482] Folded witness REP: 1 LEN: 65536
[2025-10-01 06:02:37.482] Time for fold: 10.62ms
transpose took 145.119µs
ncols 1 nrows 31 inner_dim 8
[2025-10-01 06:02:37.483] Time for fold verifier: 336.31µs
[2025-10-01 06:02:37.486] Time for send_cross_terms_before_join: 3.00ms
[2025-10-01 06:02:37.486] Time for verifier_join: 24.76µs
[2025-10-01 06:02:37.510]   Time to decompose witness: 22.14ms
[2025-10-01 06:02:37.510] Power series dim 32 new_witnes dim 4 65536
[2025-10-01 06:02:37.510]   Time to extract relevant columns from power series: 38.00ns
[2025-10-01 06:02:37.598]   Time to compute RHS matrix: 87.58ms
[2025-10-01 06:02:37.598] Time for decomp: 109.81ms
[2025-10-01 06:02:37.598] Stmnt len 32, Witness  REPxLEN 4x65536  Verifier REPxLEN 32x2
[2025-10-01 06:02:37.598] bdedecomp: 32 4
[2025-10-01 06:02:37.598] Verifier REPxLEN: 32x4
[2025-10-01 06:02:37.598] Time for verify_decomp: 253.82µs
[2025-10-01 06:02:37.607] Time for prover::norm_1: 9.16ms
[2025-10-01 06:02:37.607] Time for verifier::verify_norm_1: 46.00ns
number of witness rep: 4
[2025-10-01 06:02:37.649] Time for prover::norm_2: 42.00ms
[2025-10-01 06:02:37.649] Time for verifier::verify_norm_2: 44.00ns
[2025-10-01 06:02:37.656] Time to complete power series: 6.72ms
[2025-10-01 06:02:37.660] Time to compute new RHS: 4.09ms
[2025-10-01 06:02:37.660] Time for prover::norm_3: 10.84ms
[2025-10-01 06:02:37.660] Time for verifier::verify_norm_3: 9.83µs
number of witness rep: 4
[2025-10-01 06:02:37.700] Time for prover::norm_2: 40.02ms
[2025-10-01 06:02:37.700] Time for verifier::verify_norm_2: 35.00ns
[2025-10-01 06:02:37.706] Time to complete power series: 5.98ms
[2025-10-01 06:02:37.710] Time to compute new RHS: 3.77ms
[2025-10-01 06:02:37.710] Time for prover::norm_3: 9.78ms
[2025-10-01 06:02:37.710] Time for verifier::verify_norm_3: 7.84µs
[2025-10-01 06:02:37.710] Time for sum check: 111.94ms
[2025-10-01 06:02:37.710]  Splitting 4
[2025-10-01 06:02:37.720]  into 32768 32768
[2025-10-01 06:02:37.720] performing paralleld dot series 8, 32768 with 34
[2025-10-01 06:02:37.812] performed parallel dot series in 91.880777ms
[2025-10-01 06:02:37.812] Time for split: 102.46ms
[2025-10-01 06:02:37.812] Verifier REPxLEN: 34x4
[2025-10-01 06:02:37.812]   Time to extract left and right columns from RHS: 186.58µs
[2025-10-01 06:02:37.813]   Time to compute the multiplier: 46.52µs
[2025-10-01 06:02:37.813]   Time for row-wise tensor product: 526.72µs
[2025-10-01 06:02:37.813]   Time verification: 156.39µs
[2025-10-01 06:02:37.813] Verifier REPxLEN: 34x8
[2025-10-01 06:02:37.813] Time for split verifier: 975.16µs
[2025-10-01 06:02:37.813] Generating challenge for project with width: 2048
[2025-10-01 06:02:37.817] Time for challenge project: 3.53ms dims 2048 256
[2025-10-01 06:02:37.817] Dims of witness 8 32768
time to project: 17.021308ms
[2025-10-01 06:02:37.849] projected_witness 1x32768
[2025-10-01 06:02:37.849] Time for project witness: 32.25ms
[2025-10-01 06:02:37.849] Time for batching projections challenge: 3.49µs
[2025-10-01 06:02:37.869] Time for batch projections: 19.55ms
[2025-10-01 06:02:37.869] rhs dimensions: 34 x 8
[2025-10-01 06:02:37.869] Time for verify_batching: 6.19µs
[2025-10-01 06:02:37.869] Time for challenge fold: 25.94µs dims 8 1
[2025-10-01 06:02:37.869] Witness REP: 8 LEN: 32768
ncols 32768 nrows 1 inner_dim 8
[2025-10-01 06:02:37.875] Folded witness REP: 1 LEN: 32768
[2025-10-01 06:02:37.875] Time for fold: 6.37ms
transpose took 162.494µs
ncols 1 nrows 35 inner_dim 8
[2025-10-01 06:02:37.875] Time for fold verifier: 355.20µs
[2025-10-01 06:02:37.878] Time for send_cross_terms_before_join: 2.33ms
[2025-10-01 06:02:37.878] Time for verifier_join: 25.66µs
[2025-10-01 06:02:37.894]   Time to decompose witness: 14.36ms
[2025-10-01 06:02:37.894] Power series dim 36 new_witnes dim 4 32768
[2025-10-01 06:02:37.894]   Time to extract relevant columns from power series: 43.00ns
[2025-10-01 06:02:37.943]   Time to compute RHS matrix: 49.54ms
[2025-10-01 06:02:37.943] Time for decomp: 63.97ms
[2025-10-01 06:02:37.943] Stmnt len 36, Witness  REPxLEN 4x32768  Verifier REPxLEN 36x2
[2025-10-01 06:02:37.943] bdedecomp: 36 4
[2025-10-01 06:02:37.943] Verifier REPxLEN: 36x4
[2025-10-01 06:02:37.943] Time for verify_decomp: 301.60µs
[2025-10-01 06:02:37.949] Time for prover::norm_1: 5.94ms
[2025-10-01 06:02:37.949] Time for verifier::verify_norm_1: 43.00ns
number of witness rep: 4
[2025-10-01 06:02:37.976] Time for prover::norm_2: 26.64ms
[2025-10-01 06:02:37.976] Time for verifier::verify_norm_2: 42.00ns
[2025-10-01 06:02:37.982] Time to complete power series: 5.50ms
[2025-10-01 06:02:37.984] Time to compute new RHS: 2.28ms
[2025-10-01 06:02:37.984] Time for prover::norm_3: 7.81ms
[2025-10-01 06:02:37.984] Time for verifier::verify_norm_3: 8.56µs
number of witness rep: 4
[2025-10-01 06:02:38.010] Time for prover::norm_2: 25.71ms
[2025-10-01 06:02:38.010] Time for verifier::verify_norm_2: 26.00ns
[2025-10-01 06:02:38.016] Time to complete power series: 6.02ms
[2025-10-01 06:02:38.018] Time to compute new RHS: 2.24ms
[2025-10-01 06:02:38.018] Time for prover::norm_3: 8.29ms
[2025-10-01 06:02:38.018] Time for verifier::verify_norm_3: 7.84µs
[2025-10-01 06:02:38.018] Time for sum check: 74.52ms
[2025-10-01 06:02:38.018]  Splitting 4
[2025-10-01 06:02:38.023]  into 16384 16384
[2025-10-01 06:02:38.023] performing paralleld dot series 8, 16384 with 38
[2025-10-01 06:02:38.076] performed parallel dot series in 52.522582ms
[2025-10-01 06:02:38.076] Time for split: 57.74ms
[2025-10-01 06:02:38.076] Verifier REPxLEN: 38x4
[2025-10-01 06:02:38.076]   Time to extract left and right columns from RHS: 293.97µs
[2025-10-01 06:02:38.076]   Time to compute the multiplier: 54.30µs
[2025-10-01 06:02:38.077]   Time for row-wise tensor product: 450.45µs
[2025-10-01 06:02:38.077]   Time verification: 213.92µs
[2025-10-01 06:02:38.077] Verifier REPxLEN: 38x8
[2025-10-01 06:02:38.077] Time for split verifier: 1.07ms
[2025-10-01 06:02:38.077] Generating challenge for project with width: 2048
[2025-10-01 06:02:38.080] Time for challenge project: 3.28ms dims 2048 256
[2025-10-01 06:02:38.080] Dims of witness 8 16384
time to project: 9.259938ms
[2025-10-01 06:02:38.098] projected_witness 1x16384
[2025-10-01 06:02:38.099] Time for project witness: 18.41ms
[2025-10-01 06:02:38.099] Time for batching projections challenge: 4.15µs
[2025-10-01 06:02:38.114] Time for batch projections: 15.83ms
[2025-10-01 06:02:38.114] rhs dimensions: 38 x 8
[2025-10-01 06:02:38.114] Time for verify_batching: 7.84µs
[2025-10-01 06:02:38.114] Time for challenge fold: 21.28µs dims 8 1
[2025-10-01 06:02:38.114] Witness REP: 8 LEN: 16384
ncols 16384 nrows 1 inner_dim 8
[2025-10-01 06:02:38.118] Folded witness REP: 1 LEN: 16384
[2025-10-01 06:02:38.118] Time for fold: 3.63ms
transpose took 73.954µs
ncols 1 nrows 39 inner_dim 8
[2025-10-01 06:02:38.118] Time for fold verifier: 302.55µs
[2025-10-01 06:02:38.120] Time for send_cross_terms_before_join: 1.76ms
[2025-10-01 06:02:38.120] Time for verifier_join: 25.10µs
[2025-10-01 06:02:38.131]   Time to decompose witness: 9.75ms
[2025-10-01 06:02:38.131] Power series dim 40 new_witnes dim 4 16384
[2025-10-01 06:02:38.131]   Time to extract relevant columns from power series: 44.00ns
[2025-10-01 06:02:38.160]   Time to compute RHS matrix: 28.58ms
[2025-10-01 06:02:38.160] Time for decomp: 38.36ms
[2025-10-01 06:02:38.160] Stmnt len 40, Witness  REPxLEN 4x16384  Verifier REPxLEN 40x2
[2025-10-01 06:02:38.160] bdedecomp: 40 4
[2025-10-01 06:02:38.160] Verifier REPxLEN: 40x4
[2025-10-01 06:02:38.160] Time for verify_decomp: 335.54µs
[2025-10-01 06:02:38.163] Time for prover::norm_1: 3.60ms
[2025-10-01 06:02:38.164] Time for verifier::verify_norm_1: 43.00ns
number of witness rep: 4
[2025-10-01 06:02:38.181] Time for prover::norm_2: 17.57ms
[2025-10-01 06:02:38.181] Time for verifier::verify_norm_2: 41.00ns
[2025-10-01 06:02:38.185] Time to complete power series: 4.01ms
[2025-10-01 06:02:38.187] Time to compute new RHS: 1.53ms
[2025-10-01 06:02:38.187] Time for prover::norm_3: 5.57ms
[2025-10-01 06:02:38.187] Time for verifier::verify_norm_3: 7.69µs
number of witness rep: 4
[2025-10-01 06:02:38.204] Time for prover::norm_2: 16.93ms
[2025-10-01 06:02:38.204] Time for verifier::verify_norm_2: 26.00ns
[2025-10-01 06:02:38.208] Time to complete power series: 3.98ms
[2025-10-01 06:02:38.209] Time to compute new RHS: 1.45ms
[2025-10-01 06:02:38.209] Time for prover::norm_3: 5.45ms
[2025-10-01 06:02:38.209] Time for verifier::verify_norm_3: 6.04µs
[2025-10-01 06:02:38.209] Time for sum check: 49.21ms
[2025-10-01 06:02:38.209]  Splitting 4
[2025-10-01 06:02:38.212]  into 8192 8192
[2025-10-01 06:02:38.212] performing paralleld dot series 8, 8192 with 42
[2025-10-01 06:02:38.242] performed parallel dot series in 29.744664ms
[2025-10-01 06:02:38.242] Time for split: 32.50ms
[2025-10-01 06:02:38.242] Verifier REPxLEN: 42x4
[2025-10-01 06:02:38.242]   Time to extract left and right columns from RHS: 220.48µs
[2025-10-01 06:02:38.242]   Time to compute the multiplier: 58.20µs
[2025-10-01 06:02:38.242]   Time for row-wise tensor product: 508.86µs
[2025-10-01 06:02:38.243]   Time verification: 222.65µs
[2025-10-01 06:02:38.243] Verifier REPxLEN: 42x8
[2025-10-01 06:02:38.243] Time for split verifier: 1.08ms
[2025-10-01 06:02:38.243] Generating challenge for project with width: 2048
[2025-10-01 06:02:38.246] Time for challenge project: 3.23ms dims 2048 256
[2025-10-01 06:02:38.246] Dims of witness 8 8192
time to project: 5.109507ms
[2025-10-01 06:02:38.257] projected_witness 1x8192
[2025-10-01 06:02:38.257] Time for project witness: 11.22ms
[2025-10-01 06:02:38.257] Time for batching projections challenge: 6.08µs
[2025-10-01 06:02:38.270] Time for batch projections: 13.31ms
[2025-10-01 06:02:38.270] rhs dimensions: 42 x 8
[2025-10-01 06:02:38.270] Time for verify_batching: 6.25µs
[2025-10-01 06:02:38.271] Time for challenge fold: 17.94µs dims 8 1
[2025-10-01 06:02:38.271] Witness REP: 8 LEN: 8192
ncols 8192 nrows 1 inner_dim 8
[2025-10-01 06:02:38.272] Folded witness REP: 1 LEN: 8192
[2025-10-01 06:02:38.272] Time for fold: 1.29ms
transpose took 18.673µs
ncols 1 nrows 43 inner_dim 8
[2025-10-01 06:02:38.272] Time for fold verifier: 287.42µs
[2025-10-01 06:02:38.274] Time for send_cross_terms_before_join: 1.40ms
[2025-10-01 06:02:38.274] Time for verifier_join: 22.34µs
[2025-10-01 06:02:38.279]   Time to decompose witness: 5.52ms
[2025-10-01 06:02:38.279] Power series dim 44 new_witnes dim 4 8192
[2025-10-01 06:02:38.279]   Time to extract relevant columns from power series: 49.00ns
[2025-10-01 06:02:38.296]   Time to compute RHS matrix: 16.66ms
[2025-10-01 06:02:38.296] Time for decomp: 22.23ms
[2025-10-01 06:02:38.296] Stmnt len 44, Witness  REPxLEN 4x8192  Verifier REPxLEN 44x2
[2025-10-01 06:02:38.296] bdedecomp: 44 4
[2025-10-01 06:02:38.296] Verifier REPxLEN: 44x4
[2025-10-01 06:02:38.296] Time for verify_decomp: 375.73µs
[2025-10-01 06:02:38.298] Time for prover::norm_1: 1.75ms
[2025-10-01 06:02:38.298] Time for verifier::verify_norm_1: 42.00ns
number of witness rep: 4
[2025-10-01 06:02:38.308] Time for prover::norm_2: 9.67ms
[2025-10-01 06:02:38.308] Time for verifier::verify_norm_2: 42.00ns
[2025-10-01 06:02:38.310] Time to complete power series: 2.67ms
[2025-10-01 06:02:38.311] Time to compute new RHS: 839.81µs
[2025-10-01 06:02:38.311] Time for prover::norm_3: 3.54ms
[2025-10-01 06:02:38.311] Time for verifier::verify_norm_3: 7.67µs
number of witness rep: 4
[2025-10-01 06:02:38.323] Time for prover::norm_2: 11.36ms
[2025-10-01 06:02:38.323] Time for verifier::verify_norm_2: 36.00ns
[2025-10-01 06:02:38.325] Time to complete power series: 2.12ms
[2025-10-01 06:02:38.326] Time to compute new RHS: 1.01ms
[2025-10-01 06:02:38.326] Time for prover::norm_3: 3.15ms
[2025-10-01 06:02:38.326] Time for verifier::verify_norm_3: 5.81µs
[2025-10-01 06:02:38.326] Time for sum check: 29.57ms
[2025-10-01 06:02:38.326]  Splitting 4
[2025-10-01 06:02:38.327]  into 4096 4096
[2025-10-01 06:02:38.327] performing paralleld dot series 8, 4096 with 46
[2025-10-01 06:02:38.344] performed parallel dot series in 17.508478ms
[2025-10-01 06:02:38.344] Time for split: 18.46ms
[2025-10-01 06:02:38.344] Verifier REPxLEN: 46x4
[2025-10-01 06:02:38.345]   Time to extract left and right columns from RHS: 172.19µs
[2025-10-01 06:02:38.345]   Time to compute the multiplier: 36.48µs
[2025-10-01 06:02:38.345]   Time for row-wise tensor product: 535.17µs
[2025-10-01 06:02:38.345]   Time verification: 350.22µs
[2025-10-01 06:02:38.346] Verifier REPxLEN: 46x8
[2025-10-01 06:02:38.346] Time for split verifier: 1.17ms
[2025-10-01 06:02:38.346] Generating challenge for project with width: 2048
[2025-10-01 06:02:38.349] Time for challenge project: 3.11ms dims 2048 256
[2025-10-01 06:02:38.349] Dims of witness 8 4096
time to project: 2.855665ms
[2025-10-01 06:02:38.355] projected_witness 1x4096
[2025-10-01 06:02:38.355] Time for project witness: 6.85ms
[2025-10-01 06:02:38.355] Time for batching projections challenge: 3.11µs
[2025-10-01 06:02:38.364] Time for batch projections: 8.37ms
[2025-10-01 06:02:38.364] rhs dimensions: 46 x 8
[2025-10-01 06:02:38.364] Time for verify_batching: 7.27µs
[2025-10-01 06:02:38.364] Time for challenge fold: 17.67µs dims 8 1
[2025-10-01 06:02:38.364] Witness REP: 8 LEN: 4096
ncols 4096 nrows 1 inner_dim 8
[2025-10-01 06:02:38.365] Folded witness REP: 1 LEN: 4096
[2025-10-01 06:02:38.365] Time for fold: 645.56µs
transpose took 40.096µs
ncols 1 nrows 47 inner_dim 8
[2025-10-01 06:02:38.365] Time for fold verifier: 326.62µs
[2025-10-01 06:02:38.366] Time for send_cross_terms_before_join: 1.00ms
[2025-10-01 06:02:38.366] Time for verifier_join: 24.10µs
[2025-10-01 06:02:38.371]   Time to decompose witness: 4.87ms
[2025-10-01 06:02:38.371] Power series dim 48 new_witnes dim 4 4096
[2025-10-01 06:02:38.371]   Time to extract relevant columns from power series: 48.00ns
[2025-10-01 06:02:38.381]   Time to compute RHS matrix: 10.10ms
[2025-10-01 06:02:38.381] Time for decomp: 15.00ms
[2025-10-01 06:02:38.381] Stmnt len 48, Witness  REPxLEN 4x4096  Verifier REPxLEN 48x2
[2025-10-01 06:02:38.381] bdedecomp: 48 4
[2025-10-01 06:02:38.381] Verifier REPxLEN: 48x4
[2025-10-01 06:02:38.381] Time for verify_decomp: 400.45µs
[2025-10-01 06:02:38.383] Time for prover::norm_1: 1.54ms
[2025-10-01 06:02:38.383] Time for verifier::verify_norm_1: 44.00ns
number of witness rep: 4
[2025-10-01 06:02:38.391] Time for prover::norm_2: 8.26ms
[2025-10-01 06:02:38.391] Time for verifier::verify_norm_2: 42.00ns
[2025-10-01 06:02:38.393] Time to complete power series: 1.92ms
[2025-10-01 06:02:38.394] Time to compute new RHS: 693.05µs
[2025-10-01 06:02:38.394] Time for prover::norm_3: 2.63ms
[2025-10-01 06:02:38.394] Time for verifier::verify_norm_3: 7.60µs
number of witness rep: 4
[2025-10-01 06:02:38.403] Time for prover::norm_2: 8.86ms
[2025-10-01 06:02:38.403] Time for verifier::verify_norm_2: 17.00ns
[2025-10-01 06:02:38.404] Time to complete power series: 1.52ms
[2025-10-01 06:02:38.405] Time to compute new RHS: 676.79µs
[2025-10-01 06:02:38.405] Time for prover::norm_3: 2.21ms
[2025-10-01 06:02:38.405] Time for verifier::verify_norm_3: 3.90µs
[2025-10-01 06:02:38.405] Time for sum check: 23.59ms
[2025-10-01 06:02:38.405]  Splitting 4
[2025-10-01 06:02:38.406]  into 2048 2048
[2025-10-01 06:02:38.406] performing paralleld dot series 8, 2048 with 50
[2025-10-01 06:02:38.417] performed parallel dot series in 10.649122ms
[2025-10-01 06:02:38.417] Time for split: 11.91ms
[2025-10-01 06:02:38.417] Verifier REPxLEN: 50x4
[2025-10-01 06:02:38.417]   Time to extract left and right columns from RHS: 160.79µs
[2025-10-01 06:02:38.417]   Time to compute the multiplier: 40.21µs
[2025-10-01 06:02:38.418]   Time for row-wise tensor product: 459.34µs
[2025-10-01 06:02:38.418]   Time verification: 183.20µs
[2025-10-01 06:02:38.418] Verifier REPxLEN: 50x8
[2025-10-01 06:02:38.418] Time for split verifier: 922.08µs
[2025-10-01 06:02:38.418] Generating challenge for project with width: 2048
[2025-10-01 06:02:38.421] Time for challenge project: 2.97ms dims 2048 256
[2025-10-01 06:02:38.421] Dims of witness 8 2048
time to project: 1.693436ms
[2025-10-01 06:02:38.425] projected_witness 1x2048
[2025-10-01 06:02:38.425] Time for project witness: 4.08ms
[2025-10-01 06:02:38.425] Time for batching projections challenge: 2.80µs
[2025-10-01 06:02:38.432] Time for batch projections: 7.35ms
[2025-10-01 06:02:38.432] rhs dimensions: 50 x 8
[2025-10-01 06:02:38.432] Time for verify_batching: 5.20µs
[2025-10-01 06:02:38.432] Time for challenge fold: 16.41µs dims 8 1
[2025-10-01 06:02:38.432] Witness REP: 8 LEN: 2048
ncols 2048 nrows 1 inner_dim 8
[2025-10-01 06:02:38.433] Folded witness REP: 1 LEN: 2048
[2025-10-01 06:02:38.433] Time for fold: 379.60µs
transpose took 22.47µs
ncols 1 nrows 51 inner_dim 8
[2025-10-01 06:02:38.433] Time for fold verifier: 303.17µs
[2025-10-01 06:02:38.434] Time for send_cross_terms_before_join: 810.40µs
[2025-10-01 06:02:38.434] Time for verifier_join: 24.41µs
[2025-10-01 06:02:38.434] Final dim st 52, wrow 2 wcol 2048 vfrow 52 vfcol 2
[2025-10-01 06:02:38.437] Time for final assert_eq: 3.42ms
[2025-10-01 06:02:38.438] PRV: 10.96s
[2025-10-01 06:02:38.438] VER: 41.13ms
t_norm_check_1: 316.93ms
t_norm_check_2: 2.47s
t_norm_check_3: 606.76ms
t_split: 2.88s
t_projection: 1.56s
t_fold: 279.38ms
t_decomp: 2.53s
